{"type":"server-started","port":51919,"host":"127.0.0.1","url_host":"localhost","url":"http://localhost:51919","screen_dir":"/Users/cc/Documents/库/思考/活动策划/0427 5月隐湖云舍高客活动策划/.superpowers/brainstorm/49786-1778750740/content","state_dir":"/Users/cc/Documents/库/思考/活动策划/0427 5月隐湖云舍高客活动策划/.superpowers/brainstorm/49786-1778750740/state"}
{"type":"screen-added","file":"/Users/cc/Documents/库/思考/活动策划/0427 5月隐湖云舍高客活动策划/.superpowers/brainstorm/49786-1778750740/content/design-style.html"}
{"source":"user-event","type":"click","text":"C\n    \n      现代奢华风\n      精致排版、高级质感、商务大气\n      \n        主色调：深蓝、金色、米白\n        元素：几何线条、金属质感、现代字体\n        适合：高端商务、客户发布会","choice":"c","id":null,"timestamp":1778750844707}
{"source":"user-event","type":"click","text":"B\n    \n      自然生态风\n      茶园实景、山水意境、清新自然\n      \n        主色调：茶绿、山青、云白\n        元素：茶园照片、山水背景、自然纹理\n        适合：生态旅游、自然体验活动","choice":"b","id":null,"timestamp":1778750873940}
{"source":"user-event","type":"click","text":"A\n    \n      禅意雅致风\n      水墨淡彩、留白大气、传统与现代融合\n      \n        主色调：墨黑、素白、淡金\n        元素：水墨纹理、书法字体、禅意图案\n        适合：高端文化活动、传统雅集","choice":"a","id":null,"timestamp":1778750874490}
{"source":"user-event","type":"click","text":"B\n    \n      自然生态风\n      茶园实景、山水意境、清新自然\n      \n        主色调：茶绿、山青、云白\n        元素：茶园照片、山水背景、自然纹理\n        适合：生态旅游、自然体验活动","choice":"b","id":null,"timestamp":1778750875007}
{"source":"user-event","type":"click","text":"C\n    \n      现代奢华风\n      精致排版、高级质感、商务大气\n      \n        主色调：深蓝、金色、米白\n        元素：几何线条、金属质感、现代字体\n        适合：高端商务、客户发布会","choice":"c","id":null,"timestamp":1778750875357}
{"source":"user-event","type":"click","text":"C\n    \n      现代奢华风\n      精致排版、高级质感、商务大气\n      \n        主色调：深蓝、金色、米白\n        元素：几何线条、金属质感、现代字体\n        适合：高端商务、客户发布会","choice":"c","id":null,"timestamp":1778750889375}
{"source":"user-event","type":"click","text":"C\n    \n      现代奢华风\n      精致排版、高级质感、商务大气\n      \n        主色调：深蓝、金色、米白\n        元素：几何线条、金属质感、现代字体\n        适合：高端商务、客户发布会","choice":"c","id":null,"timestamp":1778750889808}
{"source":"user-event","type":"click","text":"C\n    \n      现代奢华风\n      精致排版、高级质感、商务大气\n      \n        主色调：深蓝、金色、米白\n        元素：几何线条、金属质感、现代字体\n        适合：高端商务、客户发布会","choice":"c","id":null,"timestamp":1778750889991}
{"source":"user-event","type":"click","text":"C\n    \n      现代奢华风\n      精致排版、高级质感、商务大气\n      \n        主色调：深蓝、金色、米白\n        元素：几何线条、金属质感、现代字体\n        适合：高端商务、客户发布会","choice":"c","id":null,"timestamp":1778750890658}
{"type":"screen-added","file":"/Users/cc/Documents/库/思考/活动策划/0427 5月隐湖云舍高客活动策划/.superpowers/brainstorm/49786-1778750740/content/content-structure.html"}
{"source":"user-event","type":"click","text":"A\n    \n      精简版（6-8页）\n      突出重点，快速阅读\n      \n        封面 + 活动概要\n        第一日行程（2-3页）\n        第二日行程（2-3页）\n        报名信息","choice":"a","id":null,"timestamp":1778750912261}
{"type":"screen-added","file":"/Users/cc/Documents/库/思考/活动策划/0427 5月隐湖云舍高客活动策划/.superpowers/brainstorm/49786-1778750740/content/visual-elements.html"}
{"source":"user-event","type":"click","text":"A\n      \n        使用现有图片\n        从原PDF《茶韵西湖·养心云舍》中提取图片素材\n        \n          茶园实景照片\n          西湖风景\n          灵隐寺照片\n          茶艺活动照片","choice":"a","id":null,"timestamp":1778750998298}
{"type":"screen-added","file":"/Users/cc/Documents/库/思考/活动策划/0427 5月隐湖云舍高客活动策划/.superpowers/brainstorm/49786-1778750740/content/design-approaches.html"}
{"source":"user-event","type":"click","text":"A\n    \n      封面主导型\n      大图封面 + 简洁内容页\n      \n        封面：全屏大图 + 标题叠加\n        内容页：图片+文字分区布局\n        优势：视觉冲击力强，第一印象深刻\n        适合：强调品牌形象和活动氛围","choice":"a","id":null,"timestamp":1778751163272}
{"type":"screen-added","file":"/Users/cc/Documents/库/思考/活动策划/0427 5月隐湖云舍高客活动策划/.superpowers/brainstorm/49786-1778750740/content/cover-design.html"}
{"type":"screen-added","file":"/Users/cc/Documents/库/思考/活动策划/0427 5月隐湖云舍高客活动策划/.superpowers/brainstorm/49786-1778750740/content/cover-with-bg.html"}
{"source":"user-event","type":"click","text":"D\n      \n        意境融合\n        多元素融合，营造综合意境\n        \n          茶具 + 禅意 + 园林\n          体现整体调性\n          艺术化呈现","choice":"d","id":null,"timestamp":1778751350484}
{"type":"screen-added","file":"/Users/cc/Documents/库/思考/活动策划/0427 5月隐湖云舍高客活动策划/.superpowers/brainstorm/49786-1778750740/content/full-design.html"}
{"type":"screen-added","file":"/Users/cc/Documents/库/思考/活动策划/0427 5月隐湖云舍高客活动策划/.superpowers/brainstorm/49786-1778750740/content/final-design.html"}
{"source":"user-event","type":"click","text":"C\n      \n        隐湖禅韵\n        结合品牌名\"隐湖\"，突出禅韵\n        \n          主标题：隐湖禅韵\n          副标题：老友节高客服务发布会\n          调性：品牌感、禅意、高端","choice":"c","id":null,"timestamp":1778751505491}
{"source":"user-event","type":"click","text":"D\n      \n        茶禅雅集\n        突出\"茶\"与\"禅\"的融合体验\n        \n          主标题：茶禅雅集\n          副标题：老友节高客服务发布会\n          调性：文化、雅致、沉浸","choice":"d","id":null,"timestamp":1778751509574}
{"type":"server-stopped","reason":"idle timeout"}
